<?xml version="1.0" encoding="UTF-8"?>
<testsuite name="Автоматизация поиска в Google" tests="4" skipped="0" failures="0" errors="0" timestamp="2025-04-21T15:17:52" hostname="SUVOROV-LAPTOP" time="105.514">
  <properties/>
  <testcase name="Проверка пагинации" classname="tests.SearchInGoogleTest" time="24.56"/>
  <testcase name="Проверка изображений на странице поиска" classname="tests.SearchInGoogleTest" time="37.559"/>
  <testcase name="Проверка отображения других элементов на странице" classname="tests.SearchInGoogleTest" time="22.429"/>
  <testcase name="Проверка работы поиска" classname="tests.SearchInGoogleTest" time="20.957"/>
  <system-out><![CDATA[]]></system-out>
  <system-err><![CDATA[апр. 21, 2025 6:17:56 PM org.openqa.selenium.devtools.CdpVersionFinder findNearestMatch
WARNING: Unable to find CDP implementation matching 135
апр. 21, 2025 6:17:56 PM org.openqa.selenium.chromium.ChromiumDriver lambda$new$5
WARNING: Unable to find version of CDP to use for 135.0.7049.96. You may need to include a dependency on a specific version of the CDP using something similar to `org.seleniumhq.selenium:selenium-devtools-v86:4.11.0` where the version ("v86") matches the version of the chromium-based browser you're using and the version number of the artifact is the same as Selenium's.
апр. 21, 2025 6:18:18 PM org.openqa.selenium.devtools.CdpVersionFinder findNearestMatch
WARNING: Unable to find CDP implementation matching 135
апр. 21, 2025 6:18:18 PM org.openqa.selenium.chromium.ChromiumDriver lambda$new$5
WARNING: Unable to find version of CDP to use for 135.0.7049.96. You may need to include a dependency on a specific version of the CDP using something similar to `org.seleniumhq.selenium:selenium-devtools-v86:4.11.0` where the version ("v86") matches the version of the chromium-based browser you're using and the version number of the artifact is the same as Selenium's.
апр. 21, 2025 6:18:56 PM org.openqa.selenium.devtools.CdpVersionFinder findNearestMatch
WARNING: Unable to find CDP implementation matching 135
апр. 21, 2025 6:18:56 PM org.openqa.selenium.chromium.ChromiumDriver lambda$new$5
WARNING: Unable to find version of CDP to use for 135.0.7049.96. You may need to include a dependency on a specific version of the CDP using something similar to `org.seleniumhq.selenium:selenium-devtools-v86:4.11.0` where the version ("v86") matches the version of the chromium-based browser you're using and the version number of the artifact is the same as Selenium's.
апр. 21, 2025 6:19:18 PM org.openqa.selenium.devtools.CdpVersionFinder findNearestMatch
WARNING: Unable to find CDP implementation matching 135
апр. 21, 2025 6:19:18 PM org.openqa.selenium.chromium.ChromiumDriver lambda$new$5
WARNING: Unable to find version of CDP to use for 135.0.7049.96. You may need to include a dependency on a specific version of the CDP using something similar to `org.seleniumhq.selenium:selenium-devtools-v86:4.11.0` where the version ("v86") matches the version of the chromium-based browser you're using and the version number of the artifact is the same as Selenium's.
]]></system-err>
</testsuite>
